<?xml version="1.0" encoding="UTF-8"?>
<!-- Generated by org.testng.reporters.JUnitReportReporter -->
<testsuite skipped="0" hostname="manjit-Vostro-1015" name="DropDown.LAb" tests="1" failures="0" timestamp="30 Sep 2018 16:24:18 GMT" time="33.531" errors="0">
  <testcase name="dropdown" time="33.531" classname="DropDown.LAb"/>
</testsuite> <!-- DropDown.LAb -->
