<?xml version="1.0" encoding="UTF-8"?>
<!-- Generated by org.testng.reporters.JUnitReportReporter -->
<testsuite skipped="0" hostname="manjit-Vostro-1015" name="Revision.Ksrtdropdown" tests="1" failures="0" timestamp="09 Feb 2019 04:53:13 GMT" time="22.767" errors="0">
  <testcase name="test" time="22.767" classname="Revision.Ksrtdropdown"/>
</testsuite> <!-- Revision.Ksrtdropdown -->
