<?xml version="1.0" encoding="UTF-8"?>
<!-- Generated by org.testng.reporters.JUnitReportReporter -->
<testsuite skipped="0" hostname="manjit-Vostro-1015" name="Revision.VerifyError" tests="1" failures="0" timestamp="09 Feb 2019 06:31:04 GMT" time="16.041" errors="0">
  <testcase name="VerifyError" time="16.041" classname="Revision.VerifyError"/>
</testsuite> <!-- Revision.VerifyError -->
