<?xml version="1.0" encoding="UTF-8"?>
<!-- Generated by org.testng.reporters.JUnitReportReporter -->
<testsuite skipped="1" hostname="manjit-Vostro-1015" name="Rev.LAb1" tests="2" failures="0" timestamp="14 Feb 2019 15:52:05 GMT" time="18.179" errors="0">
  <testcase name="test1" time="18.179" classname="Rev.LAb1"/>
  <testcase name="test" classname="Rev.LAb1">
    <skipped/>
  </testcase> <!-- test -->
</testsuite> <!-- Rev.LAb1 -->
