<?xml version="1.0" encoding="UTF-8"?>
<!-- Generated by org.testng.reporters.JUnitReportReporter -->
<testsuite skipped="1" hostname="manjit-Vostro-1015" name="com.revision.Lab2" tests="2" failures="0" timestamp="18 Feb 2019 08:44:14 GMT" time="4.419" errors="0">
  <testcase name="writedata" time="4.419" classname="com.revision.Lab2"/>
  <testcase name="readEx" classname="com.revision.Lab2">
    <skipped/>
  </testcase> <!-- readEx -->
</testsuite> <!-- com.revision.Lab2 -->
