<?xml version="1.0" encoding="UTF-8"?>
<!-- Generated by org.testng.reporters.JUnitReportReporter -->
<testsuite skipped="3" hostname="manjit-Vostro-1015" name="Revision.Mousemovement" tests="4" failures="0" timestamp="11 Feb 2019 05:28:15 GMT" time="20.719" errors="0">
  <testcase name="contextRight" time="20.719" classname="Revision.Mousemovement"/>
  <testcase name="act" classname="Revision.Mousemovement">
    <skipped/>
  </testcase> <!-- act -->
  <testcase name="doubclick" classname="Revision.Mousemovement">
    <skipped/>
  </testcase> <!-- doubclick -->
  <testcase name="handlingMouseOver" classname="Revision.Mousemovement">
    <skipped/>
  </testcase> <!-- handlingMouseOver -->
</testsuite> <!-- Revision.Mousemovement -->
