<?xml version="1.0" encoding="UTF-8"?>
<!-- Generated by org.testng.reporters.JUnitReportReporter -->
<testsuite skipped="0" hostname="manjit-Vostro-1015" name="sreen.Takepic" tests="1" failures="0" timestamp="09 Feb 2019 05:21:03 GMT" time="30.064" errors="0">
  <testcase name="test" time="30.064" classname="sreen.Takepic"/>
</testsuite> <!-- sreen.Takepic -->
