<?xml version="1.0" encoding="UTF-8"?>
<!-- Generated by org.testng.reporters.JUnitReportReporter -->
<testsuite skipped="0" hostname="manjit-Vostro-1015" name="excelData.Lab3" tests="3" failures="0" timestamp="17 Feb 2019 12:29:25 GMT" time="41.011" errors="0">
  <testcase name="testWord_press" time="10.032" classname="excelData.Lab3"/>
  <testcase name="testWord_press" time="14.507" classname="excelData.Lab3"/>
  <testcase name="testWord_press" time="16.472" classname="excelData.Lab3"/>
</testsuite> <!-- excelData.Lab3 -->
