<?xml version="1.0" encoding="UTF-8"?>
<!-- Generated by org.testng.reporters.JUnitReportReporter -->
<testsuite skipped="0" hostname="manjit-Vostro-1015" name="Revision.Bootstrapdropdown" tests="1" failures="0" timestamp="09 Feb 2019 04:32:00 GMT" time="17.050" errors="0">
  <testcase name="test1" time="17.050" classname="Revision.Bootstrapdropdown"/>
</testsuite> <!-- Revision.Bootstrapdropdown -->
