<?xml version="1.0" encoding="UTF-8"?>
<!-- Generated by org.testng.reporters.JUnitReportReporter -->
<testsuite skipped="1" hostname="manjit-Vostro-1015" name="Rev.Lab2" tests="2" failures="0" timestamp="14 Feb 2019 16:11:33 GMT" time="24.573" errors="0">
  <testcase name="test12" time="24.573" classname="Rev.Lab2"/>
  <testcase name="test1" classname="Rev.Lab2">
    <skipped/>
  </testcase> <!-- test1 -->
</testsuite> <!-- Rev.Lab2 -->
