<?xml version="1.0" encoding="UTF-8"?>
<!-- Generated by org.testng.reporters.JUnitReportReporter -->
<testsuite skipped="2" hostname="manjit-Vostro-1015" name="Revision.Selectlab1" tests="3" failures="0" timestamp="19 Feb 2019 04:38:39 GMT" time="21.166" errors="0">
  <testcase name="test2" time="21.166" classname="Revision.Selectlab1"/>
  <testcase name="test3" classname="Revision.Selectlab1">
    <skipped/>
  </testcase> <!-- test3 -->
  <testcase name="test1" classname="Revision.Selectlab1">
    <skipped/>
  </testcase> <!-- test1 -->
</testsuite> <!-- Revision.Selectlab1 -->
