<?xml version="1.0" encoding="UTF-8"?>
<!-- Generated by org.testng.reporters.JUnitReportReporter -->
<testsuite skipped="0" hostname="manjit-Vostro-1015" name="com.log.LAb1" tests="1" failures="0" timestamp="16 Feb 2019 05:29:12 GMT" time="52.538" errors="0">
  <testcase name="imlicitList" time="52.538" classname="com.log.LAb1"/>
</testsuite> <!-- com.log.LAb1 -->
