<?xml version="1.0" encoding="UTF-8"?>
<!-- Generated by org.testng.reporters.JUnitReportReporter -->
<testsuite skipped="0" hostname="manjit-Vostro-1015" name="RevisioPart2.LAb2exc" tests="1" failures="0" timestamp="14 Feb 2019 12:16:40 GMT" time="52.325" errors="0">
  <testcase name="test1" time="52.325" classname="RevisioPart2.LAb2exc"/>
</testsuite> <!-- RevisioPart2.LAb2exc -->
