<?xml version="1.0" encoding="UTF-8"?>
<!-- Generated by org.testng.reporters.JUnitReportReporter -->
<testsuite skipped="0" hostname="manjit-Vostro-1015" name="DropDown.Lab1" tests="1" failures="0" timestamp="30 Sep 2018 18:01:39 GMT" time="20.462" errors="0">
  <testcase name="bootStrap" time="20.462" classname="DropDown.Lab1"/>
</testsuite> <!-- DropDown.Lab1 -->
