<?xml version="1.0" encoding="UTF-8"?>
<!-- Generated by org.testng.reporters.JUnitReportReporter -->
<testsuite skipped="0" hostname="manjit-Vostro-1015" name="com.revision.LogLabv1" tests="1" failures="0" timestamp="16 Feb 2019 15:40:37 GMT" time="21.642" errors="0">
  <testcase name="test" time="21.642" classname="com.revision.LogLabv1"/>
</testsuite> <!-- com.revision.LogLabv1 -->
