<?xml version="1.0" encoding="UTF-8"?>
<!-- Generated by org.testng.reporters.JUnitReportReporter -->
<testsuite skipped="1" hostname="manjit-Vostro-1015" name="com.revision.Excel" tests="2" failures="0" timestamp="16 Feb 2019 16:21:51 GMT" time="4.151" errors="0">
  <testcase name="test1" time="4.151" classname="com.revision.Excel"/>
  <testcase name="test" classname="com.revision.Excel">
    <skipped/>
  </testcase> <!-- test -->
</testsuite> <!-- com.revision.Excel -->
