<?xml version="1.0" encoding="UTF-8"?>
<!-- Generated by org.testng.reporters.JUnitReportReporter -->
<testsuite skipped="0" hostname="manjit-Vostro-1015" name="Testcases.WordpressTest" tests="1" failures="0" timestamp="17 Feb 2019 07:11:03 GMT" time="47.441" errors="0">
  <testcase name="verifyLogin" time="47.441" classname="Testcases.WordpressTest"/>
</testsuite> <!-- Testcases.WordpressTest -->
