<?xml version="1.0" encoding="UTF-8"?>
<!-- Generated by org.testng.reporters.JUnitReportReporter -->
<testsuite skipped="0" hostname="manjit-Vostro-1015" name="RevisioPart2.UntrustedCerti" tests="1" failures="0" timestamp="14 Feb 2019 14:20:39 GMT" time="15.674" errors="0">
  <testcase name="test" time="15.674" classname="RevisioPart2.UntrustedCerti"/>
</testsuite> <!-- RevisioPart2.UntrustedCerti -->
