<?xml version="1.0" encoding="UTF-8"?>
<!-- Generated by org.testng.reporters.JUnitReportReporter -->
<testsuite skipped="1" hostname="manjit-Vostro-1015" name="RevisioPart2.ScreenShort" tests="2" failures="0" timestamp="14 Feb 2019 04:37:31 GMT" time="15.715" errors="0">
  <testcase name="test2" time="15.715" classname="RevisioPart2.ScreenShort"/>
  <testcase name="test1" classname="RevisioPart2.ScreenShort">
    <skipped/>
  </testcase> <!-- test1 -->
</testsuite> <!-- RevisioPart2.ScreenShort -->
