<?xml version="1.0" encoding="UTF-8"?>
<!-- Generated by org.testng.reporters.JUnitReportReporter -->
<testsuite skipped="0" hostname="manjit-Vostro-1015" name="Revision.Labjava" tests="1" failures="0" timestamp="14 Feb 2019 16:42:02 GMT" time="43.383" errors="0">
  <testcase name="test12" time="43.383" classname="Revision.Labjava"/>
</testsuite> <!-- Revision.Labjava -->
