<?xml version="1.0" encoding="UTF-8"?>
<!-- Generated by org.testng.reporters.JUnitReportReporter -->
<testsuite skipped="0" hostname="manjit-Vostro-1015" name="RevisioPart2.BootstrapLoginpop" tests="1" failures="0" timestamp="14 Feb 2019 05:39:32 GMT" time="23.223" errors="0">
  <testcase name="test1" time="23.223" classname="RevisioPart2.BootstrapLoginpop"/>
</testsuite> <!-- RevisioPart2.BootstrapLoginpop -->
