<?xml version="1.0" encoding="UTF-8"?>
<!-- Generated by org.testng.reporters.JUnitReportReporter -->
<testsuite skipped="0" hostname="manjit-Vostro-1015" name="Rev.WritingExcel" tests="1" failures="0" timestamp="16 Feb 2019 07:11:17 GMT" time="4.467" errors="0">
  <testcase name="test1" time="4.467" classname="Rev.WritingExcel"/>
</testsuite> <!-- Rev.WritingExcel -->
