<?xml version="1.0" encoding="UTF-8"?>
<!-- Generated by org.testng.reporters.JUnitReportReporter -->
<testsuite skipped="2" hostname="manjit-Vostro-1015" name="DropDown.Lab2" tests="3" failures="0" timestamp="13 Feb 2019 04:35:36 GMT" time="21.294" errors="0">
  <testcase name="test3" time="21.294" classname="DropDown.Lab2"/>
  <testcase name="test1" classname="DropDown.Lab2">
    <skipped/>
  </testcase> <!-- test1 -->
  <testcase name="naukriTest2" classname="DropDown.Lab2">
    <skipped/>
  </testcase> <!-- naukriTest2 -->
</testsuite> <!-- DropDown.Lab2 -->
