<?xml version="1.0" encoding="UTF-8"?>
<!-- Generated by org.testng.reporters.JUnitReportReporter -->
<testsuite skipped="0" hostname="manjit-Vostro-1015" name="com.revision.ReadingProperty" tests="1" failures="0" timestamp="18 Feb 2019 12:14:03 GMT" time="0.059" errors="0">
  <testcase name="test" time="0.059" classname="com.revision.ReadingProperty"/>
</testsuite> <!-- com.revision.ReadingProperty -->
