<?xml version="1.0" encoding="UTF-8"?>
<!-- Generated by org.testng.reporters.JUnitReportReporter -->
<testsuite skipped="0" hostname="manjit-Vostro-1015" name="com.revision.LabHTML" tests="1" failures="0" timestamp="18 Feb 2019 08:32:02 GMT" time="12.425" errors="0">
  <testcase name="test" time="12.425" classname="com.revision.LabHTML"/>
</testsuite> <!-- com.revision.LabHTML -->
