<?xml version="1.0" encoding="UTF-8"?>
<!-- Generated by org.testng.reporters.JUnitReportReporter -->
<testsuite skipped="0" hostname="manjit-Vostro-1015" name="RevisioPart2.Mousemove" tests="1" failures="0" timestamp="14 Feb 2019 06:15:23 GMT" time="36.957" errors="0">
  <testcase name="scroll" time="36.957" classname="RevisioPart2.Mousemove"/>
</testsuite> <!-- RevisioPart2.Mousemove -->
