<?xml version="1.0" encoding="UTF-8"?>
<!-- Generated by org.testng.reporters.JUnitReportReporter -->
<testsuite skipped="0" hostname="manjit-Vostro-1015" name="com.revision.Lab1" tests="1" failures="0" timestamp="18 Feb 2019 06:10:01 GMT" time="37.762" errors="0">
  <testcase name="logFile" time="37.762" classname="com.revision.Lab1"/>
</testsuite> <!-- com.revision.Lab1 -->
