<?xml version="1.0" encoding="UTF-8"?>
<!-- Generated by org.testng.reporters.JUnitReportReporter -->
<testsuite skipped="1" hostname="manjit-Vostro-1015" name="RevisioPart2.HandlingMutlipleWindow" tests="2" failures="0" timestamp="14 Feb 2019 14:01:27 GMT" time="26.293" errors="0">
  <testcase name="verifynaukri" time="26.293" classname="RevisioPart2.HandlingMutlipleWindow"/>
  <testcase name="test1" classname="RevisioPart2.HandlingMutlipleWindow">
    <skipped/>
  </testcase> <!-- test1 -->
</testsuite> <!-- RevisioPart2.HandlingMutlipleWindow -->
