<?xml version="1.0" encoding="UTF-8"?>
<!-- Generated by org.testng.reporters.JUnitReportReporter -->
<testsuite skipped="0" hostname="manjit-Vostro-1015" name="com.revision.LAb3" tests="3" failures="0" timestamp="18 Feb 2019 11:12:27 GMT" time="42.332" errors="0">
  <testcase name="testverify" time="13.427" classname="com.revision.LAb3"/>
  <testcase name="testverify" time="13.022" classname="com.revision.LAb3"/>
  <testcase name="testverify" time="15.883" classname="com.revision.LAb3"/>
</testsuite> <!-- com.revision.LAb3 -->
