<?xml version="1.0" encoding="UTF-8"?>
<!-- Generated by org.testng.reporters.JUnitReportReporter -->
<testsuite skipped="0" hostname="manjit-Vostro-1015" name="com.revision.Lab4" tests="3" failures="0" timestamp="18 Feb 2019 11:33:02 GMT" time="47.659" errors="0">
  <testcase name="readExce" time="12.968" classname="com.revision.Lab4"/>
  <testcase name="readExce" time="18.940" classname="com.revision.Lab4"/>
  <testcase name="readExce" time="15.751" classname="com.revision.Lab4"/>
</testsuite> <!-- com.revision.Lab4 -->
