<?xml version="1.0" encoding="UTF-8"?>
<!-- Generated by org.testng.reporters.JUnitReportReporter -->
<testsuite skipped="0" hostname="manjit-Vostro-1015" name="excelData.Javascript" tests="1" failures="0" timestamp="21 Feb 2019 12:34:57 GMT" time="28.500" errors="0">
  <testcase name="test" time="28.500" classname="excelData.Javascript"/>
</testsuite> <!-- excelData.Javascript -->
