<?xml version="1.0" encoding="UTF-8"?>
<!-- Generated by org.testng.reporters.JUnitReportReporter -->
<testsuite skipped="0" hostname="manjit-Vostro-1015" name="Testcases.Crmlogintest" tests="3" failures="0" timestamp="26 Sep 2018 12:20:58 GMT" time="63.228" errors="0">
  <testcase name="test1" time="23.090" classname="Testcases.Crmlogintest"/>
  <testcase name="test1" time="17.943" classname="Testcases.Crmlogintest"/>
  <testcase name="test1" time="22.195" classname="Testcases.Crmlogintest"/>
</testsuite> <!-- Testcases.Crmlogintest -->
