<?xml version="1.0" encoding="UTF-8"?>
<!-- Generated by org.testng.reporters.JUnitReportReporter -->
<testsuite skipped="3" hostname="manjit-Vostro-1015" name="Revision.JavaScriptLab1" tests="4" failures="0" timestamp="11 Feb 2019 04:58:11 GMT" time="19.878" errors="0">
  <testcase name="test1" time="19.878" classname="Revision.JavaScriptLab1"/>
  <testcase name="togetText" classname="Revision.JavaScriptLab1">
    <skipped/>
  </testcase> <!-- togetText -->
  <testcase name="test" classname="Revision.JavaScriptLab1">
    <skipped/>
  </testcase> <!-- test -->
  <testcase name="scroll" classname="Revision.JavaScriptLab1">
    <skipped/>
  </testcase> <!-- scroll -->
</testsuite> <!-- Revision.JavaScriptLab1 -->
