<?xml version="1.0" encoding="UTF-8"?>
<!-- Generated by org.testng.reporters.JUnitReportReporter -->
<testsuite skipped="0" hostname="manjit-Vostro-1015" name="Rev.Lab3" tests="1" failures="0" timestamp="16 Feb 2019 07:00:23 GMT" time="4.811" errors="0">
  <testcase name="reading" time="4.811" classname="Rev.Lab3"/>
</testsuite> <!-- Rev.Lab3 -->
