<?xml version="1.0" encoding="UTF-8"?>
<!-- Generated by org.testng.reporters.JUnitReportReporter -->
<testsuite skipped="2" hostname="manjit-Vostro-1015" name="Revision.JavaScriptCode" tests="3" failures="0" timestamp="09 Feb 2019 10:09:56 GMT" time="23.759" errors="0">
  <testcase name="scrollTillelement" time="23.759" classname="Revision.JavaScriptCode"/>
  <testcase name="test1" classname="Revision.JavaScriptCode">
    <skipped/>
  </testcase> <!-- test1 -->
  <testcase name="scrollDown" classname="Revision.JavaScriptCode">
    <skipped/>
  </testcase> <!-- scrollDown -->
</testsuite> <!-- Revision.JavaScriptCode -->
