<?xml version="1.0" encoding="UTF-8"?>
<!-- Generated by org.testng.reporters.JUnitReportReporter -->
<testsuite skipped="2" hostname="manjit-Vostro-1015" name="RevisioPart2.Dropdown" tests="3" failures="0" timestamp="13 Feb 2019 14:54:45 GMT" time="20.706" errors="0">
  <testcase name="test3" time="20.706" classname="RevisioPart2.Dropdown"/>
  <testcase name="drop_down" classname="RevisioPart2.Dropdown">
    <skipped/>
  </testcase> <!-- drop_down -->
  <testcase name="test2" classname="RevisioPart2.Dropdown">
    <skipped/>
  </testcase> <!-- test2 -->
</testsuite> <!-- RevisioPart2.Dropdown -->
