<?xml version="1.0" encoding="UTF-8"?>
<!-- Generated by org.testng.reporters.JUnitReportReporter -->
<testsuite skipped="1" hostname="manjit-Vostro-1015" name="RevisioPart2.RadioAndCheckBox" tests="3" failures="0" timestamp="14 Feb 2019 04:14:01 GMT" time="45.423" errors="0">
  <testcase name="test3" time="13.069" classname="RevisioPart2.RadioAndCheckBox"/>
  <testcase name="test2" time="32.354" classname="RevisioPart2.RadioAndCheckBox"/>
  <testcase name="test1" classname="RevisioPart2.RadioAndCheckBox">
    <skipped/>
  </testcase> <!-- test1 -->
</testsuite> <!-- RevisioPart2.RadioAndCheckBox -->
