<?xml version="1.0" encoding="UTF-8"?>
<!-- Generated by org.testng.reporters.JUnitReportReporter -->
<testsuite skipped="0" hostname="manjit-Vostro-1015" name="RevisioPart2.DynamicDrop" tests="1" failures="0" timestamp="13 Feb 2019 15:05:25 GMT" time="28.697" errors="0">
  <testcase name="test1" time="28.697" classname="RevisioPart2.DynamicDrop"/>
</testsuite> <!-- RevisioPart2.DynamicDrop -->
