<?xml version="1.0" encoding="UTF-8"?>
<!-- Generated by org.testng.reporters.JUnitReportReporter -->
<testsuite skipped="3" hostname="manjit-Vostro-1015" name="RevisioPart2.Javascrpt" tests="4" failures="0" timestamp="14 Feb 2019 06:02:37 GMT" time="21.092" errors="0">
  <testcase name="sendvalue" time="21.092" classname="RevisioPart2.Javascrpt"/>
  <testcase name="scrolltest1" classname="RevisioPart2.Javascrpt">
    <skipped/>
  </testcase> <!-- scrolltest1 -->
  <testcase name="scrolltillbottom" classname="RevisioPart2.Javascrpt">
    <skipped/>
  </testcase> <!-- scrolltillbottom -->
  <testcase name="scrolltillElement" classname="RevisioPart2.Javascrpt">
    <skipped/>
  </testcase> <!-- scrolltillElement -->
</testsuite> <!-- RevisioPart2.Javascrpt -->
