<?xml version="1.0" encoding="UTF-8"?>
<!-- Generated by org.testng.reporters.JUnitReportReporter -->
<testsuite skipped="0" hostname="manjit-Vostro-1015" name="DropDown.AlertLab3" tests="1" failures="0" timestamp="13 Feb 2019 04:49:08 GMT" time="20.777" errors="0">
  <testcase name="test" time="20.777" classname="DropDown.AlertLab3"/>
</testsuite> <!-- DropDown.AlertLab3 -->
