<?xml version="1.0" encoding="UTF-8"?>
<!-- Generated by org.testng.reporters.JUnitReportReporter -->
<testsuite skipped="0" hostname="manjit-Vostro-1015" name="RevisioPart2.DragAndDrop" tests="1" failures="0" timestamp="14 Feb 2019 13:12:51 GMT" time="20.132" errors="0">
  <testcase name="test1" time="20.132" classname="RevisioPart2.DragAndDrop"/>
</testsuite> <!-- RevisioPart2.DragAndDrop -->
