<?xml version="1.0" encoding="UTF-8"?>
<!-- Generated by org.testng.reporters.JUnitReportReporter -->
<testsuite skipped="0" hostname="manjit-Vostro-1015" name="com.listen.Lab1" tests="1" failures="0" timestamp="16 Feb 2019 06:04:54 GMT" time="18.876" errors="0">
  <testcase name="test1" time="18.876" classname="com.listen.Lab1"/>
</testsuite> <!-- com.listen.Lab1 -->
