<?xml version="1.0" encoding="UTF-8"?>
<!-- Generated by org.testng.reporters.JUnitReportReporter -->
<testsuite skipped="0" hostname="manjit-Vostro-1015" name="RevisioPart2.HAndlingAlert" tests="1" failures="0" timestamp="14 Feb 2019 14:10:38 GMT" time="19.077" errors="0">
  <testcase name="test" time="19.077" classname="RevisioPart2.HAndlingAlert"/>
</testsuite> <!-- RevisioPart2.HAndlingAlert -->
