<?xml version="1.0" encoding="UTF-8"?>
<!-- Generated by org.testng.reporters.JUnitReportReporter -->
<testsuite skipped="0" hostname="manjit-Vostro-1015" name="RevisioPart2.HandlingHiden" tests="1" failures="0" timestamp="14 Feb 2019 07:24:19 GMT" time="18.725" errors="0">
  <testcase name="hidden" time="18.725" classname="RevisioPart2.HandlingHiden"/>
</testsuite> <!-- RevisioPart2.HandlingHiden -->
