<?xml version="1.0" encoding="UTF-8"?>
<!-- Generated by org.testng.reporters.JUnitReportReporter -->
<testsuite skipped="0" hostname="manjit-Vostro-1015" name="Rev.Handlewindow2" tests="1" failures="0" timestamp="27 Sep 2018 12:35:12 GMT" time="56.173" errors="0">
  <testcase name="verifyhandle" time="56.173" classname="Rev.Handlewindow2"/>
</testsuite> <!-- Rev.Handlewindow2 -->
