<?xml version="1.0" encoding="UTF-8"?>
<!-- Generated by org.testng.reporters.JUnitReportReporter -->
<testsuite skipped="0" hostname="manjit-Vostro-1015" name="Rev.LogTest" tests="1" failures="0" timestamp="15 Feb 2019 11:11:23 GMT" time="10.740" errors="0">
  <testcase name="test" time="10.740" classname="Rev.LogTest"/>
</testsuite> <!-- Rev.LogTest -->
