<?xml version="1.0" encoding="UTF-8"?>
<!-- Generated by org.testng.reporters.JUnitReportReporter -->
<testsuite skipped="0" hostname="manjit-Vostro-1015" name="com.revision.LittenLab" tests="1" failures="0" timestamp="18 Feb 2019 08:28:08 GMT" time="30.057" errors="0">
  <testcase name="verify" time="30.057" classname="com.revision.LittenLab"/>
</testsuite> <!-- com.revision.LittenLab -->
