<?xml version="1.0" encoding="UTF-8"?>
<!-- Generated by org.testng.reporters.JUnitReportReporter -->
<testsuite skipped="0" hostname="manjit-Vostro-1015" name="Rev.HandleMultiwindow" tests="1" failures="0" timestamp="27 Sep 2018 12:18:12 GMT" time="48.395" errors="0">
  <testcase name="handle" time="48.395" classname="Rev.HandleMultiwindow"/>
</testsuite> <!-- Rev.HandleMultiwindow -->
