<?xml version="1.0" encoding="UTF-8"?>
<!-- Generated by org.testng.reporters.JUnitReportReporter -->
<testsuite skipped="0" hostname="manjit-Vostro-1015" name="Rev.HandlingDropDown" tests="1" failures="0" timestamp="30 Sep 2018 11:56:32 GMT" time="18.784" errors="0">
  <testcase name="dropDown" time="18.784" classname="Rev.HandlingDropDown"/>
</testsuite> <!-- Rev.HandlingDropDown -->
