<?xml version="1.0" encoding="UTF-8"?>
<!-- Generated by org.testng.reporters.JUnitReportReporter -->
<testsuite skipped="1" hostname="manjit-Vostro-1015" name="Revision.Radio" tests="2" failures="0" timestamp="09 Feb 2019 05:51:09 GMT" time="13.813" errors="0">
  <testcase name="test2" time="13.813" classname="Revision.Radio"/>
  <testcase name="testradio" classname="Revision.Radio">
    <skipped/>
  </testcase> <!-- testradio -->
</testsuite> <!-- Revision.Radio -->
