<?xml version="1.0" encoding="UTF-8"?>
<!-- Generated by org.testng.reporters.JUnitReportReporter -->
<testsuite skipped="0" hostname="manjit-Vostro-1015" name="RevisioPart2.HAndlingCalender" tests="1" failures="0" timestamp="14 Feb 2019 14:41:12 GMT" time="28.919" errors="0">
  <testcase name="test" time="28.919" classname="RevisioPart2.HAndlingCalender"/>
</testsuite> <!-- RevisioPart2.HAndlingCalender -->
