<?xml version="1.0" encoding="UTF-8"?>
<!-- Generated by org.testng.reporters.JUnitReportReporter -->
<testsuite skipped="0" hostname="manjit-Vostro-1015" name="com.log.Lab2Headless" tests="1" failures="0" timestamp="16 Feb 2019 06:24:24 GMT" time="23.847" errors="0">
  <testcase name="verify" time="23.847" classname="com.log.Lab2Headless"/>
</testsuite> <!-- com.log.Lab2Headless -->
