<?xml version="1.0" encoding="UTF-8"?>
<!-- Generated by org.testng.reporters.JUnitReportReporter -->
<testsuite skipped="1" hostname="manjit-Vostro-1015" name="Testcases.DataReading" tests="1" failures="0" timestamp="26 Sep 2018 11:43:52 GMT" time="0.000" errors="0">
  <testcase name="verifyLogin" time="0.000" classname="Testcases.DataReading">
    <skipped/>
  </testcase> <!-- verifyLogin -->
</testsuite> <!-- Testcases.DataReading -->
