<?xml version="1.0" encoding="UTF-8"?>
<!-- Generated by org.testng.reporters.JUnitReportReporter -->
<testsuite skipped="0" hostname="manjit-Vostro-1015" name="RevisioPart2.ChomeoptionsList1" tests="1" failures="0" timestamp="14 Feb 2019 08:48:22 GMT" time="8.722" errors="0">
  <testcase name="test1" time="8.722" classname="RevisioPart2.ChomeoptionsList1"/>
</testsuite> <!-- RevisioPart2.ChomeoptionsList1 -->
