<?xml version="1.0" encoding="UTF-8"?>
<!-- Generated by org.testng.reporters.JUnitReportReporter -->
<testsuite skipped="0" hostname="manjit-Vostro-1015" name="com.revision.HandlingMuktiindow" tests="1" failures="0" timestamp="16 Feb 2019 16:03:13 GMT" time="32.777" errors="0">
  <testcase name="test1" time="32.777" classname="com.revision.HandlingMuktiindow"/>
</testsuite> <!-- com.revision.HandlingMuktiindow -->
