<?xml version="1.0" encoding="UTF-8"?>
<!-- Generated by org.testng.reporters.JUnitReportReporter -->
<testsuite skipped="0" hostname="manjit-Vostro-1015" name="RevisioPart2.ColoringElement" tests="1" failures="0" timestamp="14 Feb 2019 08:31:58 GMT" time="34.469" errors="0">
  <testcase name="textHighlight" time="34.469" classname="RevisioPart2.ColoringElement"/>
</testsuite> <!-- RevisioPart2.ColoringElement -->
