<?xml version="1.0" encoding="UTF-8"?>
<!-- Generated by org.testng.reporters.JUnitReportReporter -->
<testsuite skipped="1" hostname="manjit-Vostro-1015" name="RevisioPart2.WAitMethod" tests="2" failures="0" timestamp="14 Feb 2019 05:31:54 GMT" time="18.567" errors="0">
  <testcase name="explic" time="18.567" classname="RevisioPart2.WAitMethod"/>
  <testcase name="test1" classname="RevisioPart2.WAitMethod">
    <skipped/>
  </testcase> <!-- test1 -->
</testsuite> <!-- RevisioPart2.WAitMethod -->
