<?xml version="1.0" encoding="UTF-8"?>
<!-- Generated by org.testng.reporters.JUnitReportReporter -->
<testsuite skipped="1" hostname="manjit-Vostro-1015" name="Revision.WaitImplictExplict" tests="2" failures="0" timestamp="09 Feb 2019 07:32:41 GMT" time="19.902" errors="0">
  <testcase name="testexplicit" time="19.902" classname="Revision.WaitImplictExplict"/>
  <testcase name="testimplicit" classname="Revision.WaitImplictExplict">
    <skipped/>
  </testcase> <!-- testimplicit -->
</testsuite> <!-- Revision.WaitImplictExplict -->
