<?xml version="1.0" encoding="UTF-8"?>
<!-- Generated by org.testng.reporters.JUnitReportReporter -->
<testsuite skipped="0" hostname="manjit-Vostro-1015" name="Test.DataDrivenFromExc.AppTest" tests="1" failures="0" timestamp="26 Sep 2018 06:41:05 GMT" time="0.032" errors="0">
  <testcase name="testApp" time="0.032" classname="Test.DataDrivenFromExc.AppTest"/>
</testsuite> <!-- Test.DataDrivenFromExc.AppTest -->
